mode: set
github.com/adewidyatamadb/GoBookings/internal/handlers/handlers.go:30.62,35.2 1 1
github.com/adewidyatamadb/GoBookings/internal/handlers/handlers.go:38.51,43.2 1 1
github.com/adewidyatamadb/GoBookings/internal/handlers/handlers.go:46.33,48.2 1 1
github.com/adewidyatamadb/GoBookings/internal/handlers/handlers.go:51.67,53.2 1 1
github.com/adewidyatamadb/GoBookings/internal/handlers/handlers.go:56.68,58.2 1 1
github.com/adewidyatamadb/GoBookings/internal/handlers/handlers.go:61.74,64.9 2 1
github.com/adewidyatamadb/GoBookings/internal/handlers/handlers.go:69.2,70.16 2 1
github.com/adewidyatamadb/GoBookings/internal/handlers/handlers.go:74.2,92.4 10 1
github.com/adewidyatamadb/GoBookings/internal/handlers/handlers.go:64.9,67.3 2 1
github.com/adewidyatamadb/GoBookings/internal/handlers/handlers.go:70.16,73.3 2 1
github.com/adewidyatamadb/GoBookings/internal/handlers/handlers.go:96.78,98.16 2 1
github.com/adewidyatamadb/GoBookings/internal/handlers/handlers.go:103.2,104.16 2 1
github.com/adewidyatamadb/GoBookings/internal/handlers/handlers.go:109.2,114.16 5 1
github.com/adewidyatamadb/GoBookings/internal/handlers/handlers.go:118.2,119.16 2 1
github.com/adewidyatamadb/GoBookings/internal/handlers/handlers.go:124.2,125.16 2 1
github.com/adewidyatamadb/GoBookings/internal/handlers/handlers.go:130.2,150.19 6 1
github.com/adewidyatamadb/GoBookings/internal/handlers/handlers.go:161.2,162.16 2 1
github.com/adewidyatamadb/GoBookings/internal/handlers/handlers.go:167.2,176.16 3 1
github.com/adewidyatamadb/GoBookings/internal/handlers/handlers.go:181.2,183.66 2 1
github.com/adewidyatamadb/GoBookings/internal/handlers/handlers.go:98.16,101.3 2 1
github.com/adewidyatamadb/GoBookings/internal/handlers/handlers.go:104.16,107.3 2 1
github.com/adewidyatamadb/GoBookings/internal/handlers/handlers.go:114.16,117.3 2 1
github.com/adewidyatamadb/GoBookings/internal/handlers/handlers.go:119.16,122.3 2 1
github.com/adewidyatamadb/GoBookings/internal/handlers/handlers.go:125.16,128.3 2 1
github.com/adewidyatamadb/GoBookings/internal/handlers/handlers.go:150.19,159.3 5 1
github.com/adewidyatamadb/GoBookings/internal/handlers/handlers.go:162.16,165.3 2 1
github.com/adewidyatamadb/GoBookings/internal/handlers/handlers.go:176.16,179.3 2 1
github.com/adewidyatamadb/GoBookings/internal/handlers/handlers.go:187.81,189.9 2 1
github.com/adewidyatamadb/GoBookings/internal/handlers/handlers.go:194.2,208.4 9 1
github.com/adewidyatamadb/GoBookings/internal/handlers/handlers.go:189.9,192.3 2 1
github.com/adewidyatamadb/GoBookings/internal/handlers/handlers.go:212.71,214.2 1 1
github.com/adewidyatamadb/GoBookings/internal/handlers/handlers.go:217.69,219.2 1 1
github.com/adewidyatamadb/GoBookings/internal/handlers/handlers.go:222.75,224.2 1 1
github.com/adewidyatamadb/GoBookings/internal/handlers/handlers.go:227.79,229.16 2 1
github.com/adewidyatamadb/GoBookings/internal/handlers/handlers.go:234.2,239.16 5 1
github.com/adewidyatamadb/GoBookings/internal/handlers/handlers.go:243.2,244.16 2 1
github.com/adewidyatamadb/GoBookings/internal/handlers/handlers.go:249.2,250.16 2 1
github.com/adewidyatamadb/GoBookings/internal/handlers/handlers.go:255.2,255.21 1 1
github.com/adewidyatamadb/GoBookings/internal/handlers/handlers.go:260.2,272.4 5 1
github.com/adewidyatamadb/GoBookings/internal/handlers/handlers.go:229.16,232.3 2 1
github.com/adewidyatamadb/GoBookings/internal/handlers/handlers.go:239.16,242.3 2 1
github.com/adewidyatamadb/GoBookings/internal/handlers/handlers.go:244.16,247.3 2 1
github.com/adewidyatamadb/GoBookings/internal/handlers/handlers.go:250.16,253.3 2 1
github.com/adewidyatamadb/GoBookings/internal/handlers/handlers.go:255.21,258.3 2 1
github.com/adewidyatamadb/GoBookings/internal/handlers/handlers.go:276.73,278.16 2 1
github.com/adewidyatamadb/GoBookings/internal/handlers/handlers.go:284.2,285.9 2 1
github.com/adewidyatamadb/GoBookings/internal/handlers/handlers.go:290.2,294.63 3 1
github.com/adewidyatamadb/GoBookings/internal/handlers/handlers.go:278.16,281.3 2 1
github.com/adewidyatamadb/GoBookings/internal/handlers/handlers.go:285.9,288.3 2 1
github.com/adewidyatamadb/GoBookings/internal/handlers/handlers.go:306.79,309.16 2 1
github.com/adewidyatamadb/GoBookings/internal/handlers/handlers.go:322.2,329.16 7 1
github.com/adewidyatamadb/GoBookings/internal/handlers/handlers.go:341.2,344.16 3 1
github.com/adewidyatamadb/GoBookings/internal/handlers/handlers.go:357.2,368.14 4 1
github.com/adewidyatamadb/GoBookings/internal/handlers/handlers.go:309.16,320.3 5 1
github.com/adewidyatamadb/GoBookings/internal/handlers/handlers.go:329.16,340.3 5 1
github.com/adewidyatamadb/GoBookings/internal/handlers/handlers.go:344.16,355.3 5 1
github.com/adewidyatamadb/GoBookings/internal/handlers/handlers.go:372.71,384.16 9 1
github.com/adewidyatamadb/GoBookings/internal/handlers/handlers.go:389.2,395.63 6 1
github.com/adewidyatamadb/GoBookings/internal/handlers/handlers.go:384.16,387.3 2 1
github.com/adewidyatamadb/GoBookings/internal/handlers/handlers.go:399.70,401.2 1 1
